[2025-11-23 01:50:50] production.ERROR: The "/home/u701207055/domains/wmsugradingsystem.online/public_html/grading-system/resources/views" directory does not exist. {"exception":"[object] (Symfony\\Component\\Finder\\Exception\\DirectoryNotFoundException(code: 0): The \"/home/u701207055/domains/wmsugradingsystem.online/public_html/grading-system/resources/views\" directory does not exist. at /home/u701207055/domains/wmsugradingsystem.online/public_html/vendor/symfony/finder/Finder.php:646)
[stacktrace]
#0 /home/u701207055/domains/wmsugradingsystem.online/public_html/vendor/laravel/framework/src/Illuminate/Foundation/Console/ViewCacheCommand.php(88): Symfony\\Component\\Finder\\Finder->in()
#1 /home/u701207055/domains/wmsugradingsystem.online/public_html/vendor/laravel/framework/src/Illuminate/Foundation/Console/ViewCacheCommand.php(43): Illuminate\\Foundation\\Console\\ViewCacheCommand->bladeFilesIn()
#2 /home/u701207055/domains/wmsugradingsystem.online/public_html/vendor/laravel/framework/src/Illuminate/Collections/Traits/EnumeratesValues.php(271): Illuminate\\Foundation\\Console\\ViewCacheCommand->Illuminate\\Foundation\\Console\\{closure}()
#3 /home/u701207055/domains/wmsugradingsystem.online/public_html/vendor/laravel/framework/src/Illuminate/Foundation/Console/ViewCacheCommand.php(38): Illuminate\\Support\\Collection->each()
#4 /home/u701207055/domains/wmsugradingsystem.online/public_html/vendor/laravel/framework/src/Illuminate/Container/BoundMethod.php(36): Illuminate\\Foundation\\Console\\ViewCacheCommand->handle()
#5 /home/u701207055/domains/wmsugradingsystem.online/public_html/vendor/laravel/framework/src/Illuminate/Container/Util.php(43): Illuminate\\Container\\BoundMethod::Illuminate\\Container\\{closure}()
#6 /home/u701207055/domains/wmsugradingsystem.online/public_html/vendor/laravel/framework/src/Illuminate/Container/BoundMethod.php(96): Illuminate\\Container\\Util::unwrapIfClosure()
#7 /home/u701207055/domains/wmsugradingsystem.online/public_html/vendor/laravel/framework/src/Illuminate/Container/BoundMethod.php(35): Illuminate\\Container\\BoundMethod::callBoundMethod()
#8 /home/u701207055/domains/wmsugradingsystem.online/public_html/vendor/laravel/framework/src/Illuminate/Container/Container.php(836): Illuminate\\Container\\BoundMethod::call()
#9 /home/u701207055/domains/wmsugradingsystem.online/public_html/vendor/laravel/framework/src/Illuminate/Console/Command.php(211): Illuminate\\Container\\Container->call()
#10 /home/u701207055/domains/wmsugradingsystem.online/public_html/vendor/symfony/console/Command/Command.php(318): Illuminate\\Console\\Command->execute()
#11 /home/u701207055/domains/wmsugradingsystem.online/public_html/vendor/laravel/framework/src/Illuminate/Console/Command.php(180): Symfony\\Component\\Console\\Command\\Command->run()
#12 /home/u701207055/domains/wmsugradingsystem.online/public_html/vendor/laravel/framework/src/Illuminate/Console/Concerns/CallsCommands.php(68): Illuminate\\Console\\Command->run()
#13 /home/u701207055/domains/wmsugradingsystem.online/public_html/vendor/laravel/framework/src/Illuminate/Console/Concerns/CallsCommands.php(41): Illuminate\\Console\\Command->runCommand()
#14 /home/u701207055/domains/wmsugradingsystem.online/public_html/vendor/laravel/framework/src/Illuminate/Console/Concerns/CallsCommands.php(53): Illuminate\\Console\\Command->callSilent()
#15 /home/u701207055/domains/wmsugradingsystem.online/public_html/vendor/laravel/framework/src/Illuminate/Foundation/Console/OptimizeCommand.php(48): Illuminate\\Console\\Command->callSilently()
#16 /home/u701207055/domains/wmsugradingsystem.online/public_html/vendor/laravel/framework/src/Illuminate/Console/View/Components/Task.php(41): Illuminate\\Foundation\\Console\\OptimizeCommand->Illuminate\\Foundation\\Console\\{closure}()
#17 /home/u701207055/domains/wmsugradingsystem.online/public_html/vendor/laravel/framework/src/Illuminate/Console/View/Components/Factory.php(59): Illuminate\\Console\\View\\Components\\Task->render()
#18 /home/u701207055/domains/wmsugradingsystem.online/public_html/vendor/laravel/framework/src/Illuminate/Foundation/Console/OptimizeCommand.php(48): Illuminate\\Console\\View\\Components\\Factory->__call()
#19 /home/u701207055/domains/wmsugradingsystem.online/public_html/vendor/laravel/framework/src/Illuminate/Container/BoundMethod.php(36): Illuminate\\Foundation\\Console\\OptimizeCommand->handle()
#20 /home/u701207055/domains/wmsugradingsystem.online/public_html/vendor/laravel/framework/src/Illuminate/Container/Util.php(43): Illuminate\\Container\\BoundMethod::Illuminate\\Container\\{closure}()
#21 /home/u701207055/domains/wmsugradingsystem.online/public_html/vendor/laravel/framework/src/Illuminate/Container/BoundMethod.php(96): Illuminate\\Container\\Util::unwrapIfClosure()
#22 /home/u701207055/domains/wmsugradingsystem.online/public_html/vendor/laravel/framework/src/Illuminate/Container/BoundMethod.php(35): Illuminate\\Container\\BoundMethod::callBoundMethod()
#23 /home/u701207055/domains/wmsugradingsystem.online/public_html/vendor/laravel/framework/src/Illuminate/Container/Container.php(836): Illuminate\\Container\\BoundMethod::call()
#24 /home/u701207055/domains/wmsugradingsystem.online/public_html/vendor/laravel/framework/src/Illuminate/Console/Command.php(211): Illuminate\\Container\\Container->call()
#25 /home/u701207055/domains/wmsugradingsystem.online/public_html/vendor/symfony/console/Command/Command.php(318): Illuminate\\Console\\Command->execute()
#26 /home/u701207055/domains/wmsugradingsystem.online/public_html/vendor/laravel/framework/src/Illuminate/Console/Command.php(180): Symfony\\Component\\Console\\Command\\Command->run()
#27 /home/u701207055/domains/wmsugradingsystem.online/public_html/vendor/symfony/console/Application.php(1073): Illuminate\\Console\\Command->run()
#28 /home/u701207055/domains/wmsugradingsystem.online/public_html/vendor/symfony/console/Application.php(356): Symfony\\Component\\Console\\Application->doRunCommand()
#29 /home/u701207055/domains/wmsugradingsystem.online/public_html/vendor/symfony/console/Application.php(195): Symfony\\Component\\Console\\Application->doRun()
#30 /home/u701207055/domains/wmsugradingsystem.online/public_html/vendor/laravel/framework/src/Illuminate/Foundation/Console/Kernel.php(197): Symfony\\Component\\Console\\Application->run()
#31 /home/u701207055/domains/wmsugradingsystem.online/public_html/vendor/laravel/framework/src/Illuminate/Foundation/Application.php(1235): Illuminate\\Foundation\\Console\\Kernel->handle()
#32 /home/u701207055/domains/wmsugradingsystem.online/public_html/artisan(16): Illuminate\\Foundation\\Application->handleCommand()
#33 {main}
"} 
